<?xml version="1.0" encoding="UTF-8"?>
<!-- Generated by org.testng.reporters.JUnitReportReporter -->
<testsuite hostname="Keertikeyas-Mac-mini.local" failures="0" tests="1" name="org.arcl.AppTest" time="29.895" errors="0" timestamp="2025-04-24T14:48:27 PDT" skipped="0">
  <testcase classname="org.arcl.AppTest" name="shouldAnswerWithTrue" time="29.895"/>
</testsuite> <!-- org.arcl.AppTest -->
