<?xml version="1.0" encoding="UTF-8"?>
<!-- Generated by org.testng.reporters.JUnitReportReporter -->
<testsuite hostname="Keertikeyas-Mac-mini.local" failures="0" tests="1" name="org.arcl.AppTest" time="30.602" errors="0" timestamp="2025-05-10T09:45:47 PDT" skipped="0">
  <testcase classname="org.arcl.AppTest" name="shouldAnswerWithTrue" time="30.602"/>
</testsuite> <!-- org.arcl.AppTest -->
